0 info it worked if it ends with ok
1 verbose cli [ '/usr/bin/node', '/usr/bin/npm', 'install' ]
2 info using npm@1.4.28
3 info using node@v0.10.38
4 warn package.json @ No repository field.
5 verbose readDependencies using package.json deps
6 verbose install where, deps [ '/var/www/html_rsatsangi/hackathon-nov-2015',
6 verbose install   [ 'browserify', 'jquery' ] ]
7 info preinstall @
8 verbose readDependencies using package.json deps
9 verbose cache add [ 'browserify@12.*', null ]
10 verbose cache add name=undefined spec="browserify@12.*" args=["browserify@12.*",null]
11 verbose parsed url { protocol: null,
11 verbose parsed url   slashes: null,
11 verbose parsed url   auth: null,
11 verbose parsed url   host: null,
11 verbose parsed url   port: null,
11 verbose parsed url   hostname: null,
11 verbose parsed url   hash: null,
11 verbose parsed url   search: null,
11 verbose parsed url   query: null,
11 verbose parsed url   pathname: 'browserify@12.*',
11 verbose parsed url   path: 'browserify@12.*',
11 verbose parsed url   href: 'browserify@12.*' }
12 verbose cache add [ 'jquery@^2.1.4', null ]
13 verbose cache add name=undefined spec="jquery@^2.1.4" args=["jquery@^2.1.4",null]
14 verbose parsed url { protocol: null,
14 verbose parsed url   slashes: null,
14 verbose parsed url   auth: null,
14 verbose parsed url   host: null,
14 verbose parsed url   port: null,
14 verbose parsed url   hostname: null,
14 verbose parsed url   hash: null,
14 verbose parsed url   search: null,
14 verbose parsed url   query: null,
14 verbose parsed url   pathname: 'jquery@^2.1.4',
14 verbose parsed url   path: 'jquery@^2.1.4',
14 verbose parsed url   href: 'jquery@^2.1.4' }
15 verbose cache add name="browserify" spec="12.*" args=["browserify","12.*"]
16 verbose parsed url { protocol: null,
16 verbose parsed url   slashes: null,
16 verbose parsed url   auth: null,
16 verbose parsed url   host: null,
16 verbose parsed url   port: null,
16 verbose parsed url   hostname: null,
16 verbose parsed url   hash: null,
16 verbose parsed url   search: null,
16 verbose parsed url   query: null,
16 verbose parsed url   pathname: '12.*',
16 verbose parsed url   path: '12.*',
16 verbose parsed url   href: '12.*' }
17 verbose addNamed [ 'browserify', '12.*' ]
18 verbose addNamed [ null, '>=12.0.0-0 <13.0.0-0' ]
19 verbose cache add name="jquery" spec="^2.1.4" args=["jquery","^2.1.4"]
20 verbose parsed url { protocol: null,
20 verbose parsed url   slashes: null,
20 verbose parsed url   auth: null,
20 verbose parsed url   host: null,
20 verbose parsed url   port: null,
20 verbose parsed url   hostname: null,
20 verbose parsed url   hash: null,
20 verbose parsed url   search: null,
20 verbose parsed url   query: null,
20 verbose parsed url   pathname: '^2.1.4',
20 verbose parsed url   path: '^2.1.4',
20 verbose parsed url   href: '^2.1.4' }
21 verbose addNamed [ 'jquery', '^2.1.4' ]
22 verbose addNamed [ null, '>=2.1.4-0 <3.0.0-0' ]
23 silly lockFile 3a00d1ef-browserify-12 browserify@12.*
24 verbose lock browserify@12.* /var/www/html_rsatsangi/.npm/3a00d1ef-browserify-12.lock
25 silly lockFile 6f5fcb58-jquery-2-1-4 jquery@^2.1.4
26 verbose lock jquery@^2.1.4 /var/www/html_rsatsangi/.npm/6f5fcb58-jquery-2-1-4.lock
27 silly addNameRange { name: 'browserify',
27 silly addNameRange   range: '>=12.0.0-0 <13.0.0-0',
27 silly addNameRange   hasData: false }
28 silly addNameRange { name: 'jquery', range: '>=2.1.4-0 <3.0.0-0', hasData: false }
29 verbose request where is /jquery
30 verbose request registry https://registry.npmjs.org/
31 verbose request id 3d20aeef3492e760
32 verbose url raw /jquery
33 verbose url resolving [ 'https://registry.npmjs.org/', './jquery' ]
34 verbose url resolved https://registry.npmjs.org/jquery
35 verbose request where is https://registry.npmjs.org/jquery
36 info trying registry request attempt 1 at 15:07:45
37 verbose etag "3RSCYDX2SORU3DJHBQ20012M0"
38 http GET https://registry.npmjs.org/jquery
39 verbose request where is /browserify
40 verbose request registry https://registry.npmjs.org/
41 verbose url raw /browserify
42 verbose url resolving [ 'https://registry.npmjs.org/', './browserify' ]
43 verbose url resolved https://registry.npmjs.org/browserify
44 verbose request where is https://registry.npmjs.org/browserify
45 info trying registry request attempt 1 at 15:07:45
46 verbose etag "7HSR165APUHEC5K9H61FYEZGN"
47 http GET https://registry.npmjs.org/browserify
48 http 200 https://registry.npmjs.org/jquery
49 silly registry.get cb [ 200,
49 silly registry.get   { server: 'CouchDB/1.5.0 (Erlang OTP/R16B03)',
49 silly registry.get     etag: '"G6Z67AKDSZZW7HRNUF5HV9E8"',
49 silly registry.get     'content-type': 'application/json',
49 silly registry.get     'cache-control': 'max-age=60',
49 silly registry.get     'content-length': '57974',
49 silly registry.get     'accept-ranges': 'bytes',
49 silly registry.get     date: 'Wed, 04 Nov 2015 20:07:45 GMT',
49 silly registry.get     via: '1.1 varnish',
49 silly registry.get     age: '57',
49 silly registry.get     connection: 'keep-alive',
49 silly registry.get     'x-served-by': 'cache-jfk1032-JFK',
49 silly registry.get     'x-cache': 'HIT',
49 silly registry.get     'x-cache-hits': '3',
49 silly registry.get     'x-timer': 'S1446667665.716232,VS0,VE0',
49 silly registry.get     vary: 'Accept' } ]
50 silly addNameRange number 2 { name: 'jquery', range: '>=2.1.4-0 <3.0.0-0', hasData: true }
51 silly addNameRange versions [ 'jquery',
51 silly addNameRange   [ '1.5.1',
51 silly addNameRange     '1.6.2',
51 silly addNameRange     '1.6.3',
51 silly addNameRange     '1.7.2',
51 silly addNameRange     '1.7.3',
51 silly addNameRange     '1.8.2',
51 silly addNameRange     '1.8.3',
51 silly addNameRange     '2.1.0-beta2',
51 silly addNameRange     '2.1.0-beta3',
51 silly addNameRange     '1.11.0-beta3',
51 silly addNameRange     '1.11.0-rc1',
51 silly addNameRange     '2.1.0-rc1',
51 silly addNameRange     '1.11.0',
51 silly addNameRange     '2.1.0',
51 silly addNameRange     '2.1.1-beta1',
51 silly addNameRange     '1.11.1-beta1',
51 silly addNameRange     '2.1.1-rc1',
51 silly addNameRange     '1.11.1-rc1',
51 silly addNameRange     '2.1.1-rc2',
51 silly addNameRange     '1.11.1-rc2',
51 silly addNameRange     '2.1.1',
51 silly addNameRange     '1.11.1',
51 silly addNameRange     '1.9.1',
51 silly addNameRange     '2.1.2',
51 silly addNameRange     '1.11.2',
51 silly addNameRange     '2.1.3',
51 silly addNameRange     '2.1.4',
51 silly addNameRange     '1.11.3',
51 silly addNameRange     '3.0.0-alpha1' ] ]
52 verbose addNamed [ 'jquery', '2.1.4' ]
53 verbose addNamed [ '2.1.4', '2.1.4' ]
54 silly lockFile f774660c-jquery-2-1-4 jquery@2.1.4
55 verbose lock jquery@2.1.4 /var/www/html_rsatsangi/.npm/f774660c-jquery-2-1-4.lock
56 http 200 https://registry.npmjs.org/browserify
57 silly registry.get cb [ 200,
57 silly registry.get   { server: 'CouchDB/1.5.0 (Erlang OTP/R16B03)',
57 silly registry.get     etag: '"ERN7WNIIA6K4Q3YWLOCW4BLLT"',
57 silly registry.get     'content-type': 'application/json',
57 silly registry.get     'cache-control': 'max-age=60',
57 silly registry.get     'content-length': '850057',
57 silly registry.get     'accept-ranges': 'bytes',
57 silly registry.get     date: 'Wed, 04 Nov 2015 20:07:45 GMT',
57 silly registry.get     via: '1.1 varnish',
57 silly registry.get     age: '39',
57 silly registry.get     connection: 'keep-alive',
57 silly registry.get     'x-served-by': 'cache-jfk1022-JFK',
57 silly registry.get     'x-cache': 'HIT',
57 silly registry.get     'x-cache-hits': '1',
57 silly registry.get     'x-timer': 'S1446667665.714443,VS0,VE5',
57 silly registry.get     vary: 'Accept' } ]
58 silly lockFile f1112f77-pmjs-org-jquery-jquery-2-1-4-tgz https://registry.npmjs.org/jquery/-/jquery-2.1.4.tgz
59 verbose lock https://registry.npmjs.org/jquery/-/jquery-2.1.4.tgz /var/www/html_rsatsangi/.npm/f1112f77-pmjs-org-jquery-jquery-2-1-4-tgz.lock
60 verbose addRemoteTarball [ 'https://registry.npmjs.org/jquery/-/jquery-2.1.4.tgz',
60 verbose addRemoteTarball   '228bde698a0c61431dc2630a6a154f15890d2317' ]
61 silly addNameRange number 2 { name: 'browserify',
61 silly addNameRange   range: '>=12.0.0-0 <13.0.0-0',
61 silly addNameRange   hasData: true }
62 silly addNameRange versions [ 'browserify',
62 silly addNameRange   [ '0.0.1',
62 silly addNameRange     '0.0.2',
62 silly addNameRange     '0.0.3',
62 silly addNameRange     '0.0.4',
62 silly addNameRange     '0.0.5',
62 silly addNameRange     '0.1.0',
62 silly addNameRange     '0.1.1',
62 silly addNameRange     '0.1.2',
62 silly addNameRange     '0.1.3',
62 silly addNameRange     '0.1.4',
62 silly addNameRange     '0.1.5',
62 silly addNameRange     '0.2.0',
62 silly addNameRange     '0.2.1',
62 silly addNameRange     '0.2.2',
62 silly addNameRange     '0.2.3',
62 silly addNameRange     '0.2.4',
62 silly addNameRange     '0.2.5',
62 silly addNameRange     '0.2.6',
62 silly addNameRange     '0.2.7',
62 silly addNameRange     '0.2.8',
62 silly addNameRange     '0.2.9',
62 silly addNameRange     '0.2.10',
62 silly addNameRange     '0.2.11',
62 silly addNameRange     '0.3.0',
62 silly addNameRange     '0.3.1',
62 silly addNameRange     '0.3.2',
62 silly addNameRange     '0.3.3',
62 silly addNameRange     '0.3.4',
62 silly addNameRange     '0.3.5',
62 silly addNameRange     '0.3.6',
62 silly addNameRange     '0.3.7',
62 silly addNameRange     '0.4.0',
62 silly addNameRange     '0.4.1',
62 silly addNameRange     '0.4.2',
62 silly addNameRange     '0.4.3',
62 silly addNameRange     '0.4.4',
62 silly addNameRange     '0.4.5',
62 silly addNameRange     '0.4.6',
62 silly addNameRange     '0.4.7',
62 silly addNameRange     '0.4.8',
62 silly addNameRange     '0.4.9',
62 silly addNameRange     '0.4.10',
62 silly addNameRange     '0.4.11',
62 silly addNameRange     '0.4.12',
62 silly addNameRange     '0.4.13',
62 silly addNameRange     '0.4.14',
62 silly addNameRange     '0.4.15',
62 silly addNameRange     '0.5.0',
62 silly addNameRange     '0.5.1',
62 silly addNameRange     '0.5.2',
62 silly addNameRange     '1.0.0',
62 silly addNameRange     '1.1.0',
62 silly addNameRange     '1.1.1',
62 silly addNameRange     '1.1.2',
62 silly addNameRange     '1.1.3',
62 silly addNameRange     '1.1.4',
62 silly addNameRange     '1.2.0',
62 silly addNameRange     '1.2.1',
62 silly addNameRange     '1.2.2',
62 silly addNameRange     '1.2.3',
62 silly addNameRange     '1.2.4',
62 silly addNameRange     '1.2.5',
62 silly addNameRange     '1.2.6',
62 silly addNameRange     '1.2.7',
62 silly addNameRange     '1.2.8',
62 silly addNameRange     '1.2.9',
62 silly addNameRange     '1.3.0',
62 silly addNameRange     '1.4.0',
62 silly addNameRange     '1.4.1',
62 silly addNameRange     '1.4.2',
62 silly addNameRange     '1.4.3',
62 silly addNameRange     '1.4.4',
62 silly addNameRange     '1.4.5',
62 silly addNameRange     '1.4.6',
62 silly addNameRange     '1.4.7',
62 silly addNameRange     '1.4.8',
62 silly addNameRange     '1.5.0',
62 silly addNameRange     '1.6.0',
62 silly addNameRange     '1.6.1',
62 silly addNameRange     '1.7.0',
62 silly addNameRange     '1.7.1',
62 silly addNameRange     '1.7.2',
62 silly addNameRange     '1.7.3',
62 silly addNameRange     '1.7.4',
62 silly addNameRange     '1.7.5',
62 silly addNameRange     '1.7.6',
62 silly addNameRange     '1.7.7',
62 silly addNameRange     '1.8.0',
62 silly addNameRange     '1.8.1',
62 silly addNameRange     '1.8.2',
62 silly addNameRange     '1.8.3',
62 silly addNameRange     '1.9.0',
62 silly addNameRange     '1.9.1',
62 silly addNameRange     '1.9.2',
62 silly addNameRange     '1.9.3',
62 silly addNameRange     '1.9.4',
62 silly addNameRange     '1.10.0',
62 silly addNameRange     '1.10.1',
62 silly addNameRange     '1.10.2',
62 silly addNameRange     '1.10.3',
62 silly addNameRange     '1.10.4',
62 silly addNameRange     '1.10.5',
62 silly addNameRange     '1.10.6',
62 silly addNameRange     '1.10.7',
62 silly addNameRange     '1.10.8',
62 silly addNameRange     '1.10.9',
62 silly addNameRange     '1.10.11',
62 silly addNameRange     '1.10.12',
62 silly addNameRange     '1.10.13',
62 silly addNameRange     '1.10.14',
62 silly addNameRange     '1.10.15',
62 silly addNameRange     '1.10.16',
62 silly addNameRange     '1.10.17',
62 silly addNameRange     '1.11.0',
62 silly addNameRange     '1.11.1',
62 silly addNameRange     '1.12.0',
62 silly addNameRange     '1.12.1',
62 silly addNameRange     '1.12.2',
62 silly addNameRange     '1.12.3',
62 silly addNameRange     '1.13.0',
62 silly addNameRange     '1.13.1',
62 silly addNameRange     '1.13.2',
62 silly addNameRange     '1.13.3',
62 silly addNameRange     '1.13.4',
62 silly addNameRange     '1.13.5',
62 silly addNameRange     '1.13.6',
62 silly addNameRange     '1.13.8',
62 silly addNameRange     '1.13.9',
62 silly addNameRange     '1.13.10',
62 silly addNameRange     '1.14.0',
62 silly addNameRange     '1.14.1',
62 silly addNameRange     '1.14.2',
62 silly addNameRange     '1.14.3',
62 silly addNameRange     '1.14.4',
62 silly addNameRange     '1.14.5',
62 silly addNameRange     '1.15.0',
62 silly addNameRange     '1.15.1',
62 silly addNameRange     '1.15.2',
62 silly addNameRange     '1.15.3',
62 silly addNameRange     '1.15.4',
62 silly addNameRange     '1.15.5',
62 silly addNameRange     '1.15.6',
62 silly addNameRange     '1.16.0',
62 silly addNameRange     '1.16.1',
62 silly addNameRange     '1.16.2',
62 silly addNameRange     '1.16.3',
62 silly addNameRange     '1.16.4',
62 silly addNameRange     '1.16.5',
62 silly addNameRange     '1.16.6',
62 silly addNameRange     '1.16.7',
62 silly addNameRange     '1.16.8',
62 silly addNameRange     '1.17.0',
62 silly addNameRange     '1.17.1',
62 silly addNameRange     '1.17.2',
62 silly addNameRange     '1.17.3',
62 silly addNameRange     '1.18.0',
62 silly addNameRange     '2.0.0',
62 silly addNameRange     '2.0.1',
62 silly addNameRange     '2.1.0',
62 silly addNameRange     '2.2.0',
62 silly addNameRange     '2.2.1',
62 silly addNameRange     '2.2.2',
62 silly addNameRange     '2.2.3',
62 silly addNameRange     '2.2.4',
62 silly addNameRange     '2.2.5',
62 silly addNameRange     '2.2.6',
62 silly addNameRange     '2.3.0',
62 silly addNameRange     '2.3.1',
62 silly addNameRange     '2.4.0',
62 silly addNameRange     '2.4.1',
62 silly addNameRange     '2.4.2',
62 silly addNameRange     '2.4.3',
62 silly addNameRange     '2.5.0',
62 silly addNameRange     '2.5.1',
62 silly addNameRange     '2.6.0',
62 silly addNameRange     '2.6.1',
62 silly addNameRange     '2.7.0',
62 silly addNameRange     '2.7.1',
62 silly addNameRange     '2.7.2',
62 silly addNameRange     '2.7.3',
62 silly addNameRange     '2.7.4',
62 silly addNameRange     '2.8.0',
62 silly addNameRange     '2.8.1',
62 silly addNameRange     '2.9.0',
62 silly addNameRange     '2.10.0',
62 silly addNameRange     '2.10.1',
62 silly addNameRange     '2.10.2',
62 silly addNameRange     '2.11.0',
62 silly addNameRange     '2.12.0',
62 silly addNameRange     '2.12.1',
62 silly addNameRange     '2.12.2',
62 silly addNameRange     '2.12.3',
62 silly addNameRange     '2.12.4',
62 silly addNameRange     '2.12.5',
62 silly addNameRange     '2.13.0',
62 silly addNameRange     '2.13.1',
62 silly addNameRange     '2.13.2',
62 silly addNameRange     '2.13.3',
62 silly addNameRange     '2.14.0',
62 silly addNameRange     '2.14.1',
62 silly addNameRange     '2.14.2',
62 silly addNameRange     '2.15.0',
62 silly addNameRange     '2.16.0',
62 silly addNameRange     '2.17.0',
62 silly addNameRange     '2.17.1',
62 silly addNameRange     '2.17.2',
62 silly addNameRange     '2.17.3',
62 silly addNameRange     '2.17.4',
62 silly addNameRange     '2.18.0',
62 silly addNameRange     '2.18.1',
62 silly addNameRange     '2.19.0',
62 silly addNameRange     '2.20.0',
62 silly addNameRange     '2.20.1',
62 silly addNameRange     '2.20.2',
62 silly addNameRange     '2.21.0',
62 silly addNameRange     '2.22.0',
62 silly addNameRange     '2.23.0',
62 silly addNameRange     '2.23.1',
62 silly addNameRange     '2.24.0',
62 silly addNameRange     '2.24.1',
62 silly addNameRange     '2.24.2',
62 silly addNameRange     '2.24.3',
62 silly addNameRange     '2.25.0',
62 silly addNameRange     '2.25.1',
62 silly addNameRange     '2.26.0',
62 silly addNameRange     '2.27.0',
62 silly addNameRange     '2.27.1',
62 silly addNameRange     '2.28.0',
62 silly addNameRange     '2.29.0',
62 silly addNameRange     '2.29.1',
62 silly addNameRange     '2.30.0',
62 silly addNameRange     '2.31.0',
62 silly addNameRange     '2.32.0',
62 silly addNameRange     '2.32.1',
62 silly addNameRange     '2.32.2',
62 silly addNameRange     '2.32.3',
62 silly addNameRange     '2.32.4',
62 silly addNameRange     '2.33.0',
62 silly addNameRange     '2.33.1',
62 silly addNameRange     '2.34.0',
62 silly addNameRange     '2.34.1',
62 silly addNameRange     '2.34.2',
62 silly addNameRange     '2.34.3',
62 silly addNameRange     '2.35.0',
62 silly addNameRange     '2.35.1',
62 silly addNameRange     '2.35.2',
62 silly addNameRange     '2.35.3',
62 silly addNameRange     '2.35.4',
62 silly addNameRange     '2.36.0',
62 silly addNameRange     '2.36.1',
62 silly addNameRange     '3.0.0',
62 silly addNameRange     '3.1.0',
62 silly addNameRange     '3.1.1',
62 silly addNameRange     '3.1.2',
62 silly addNameRange     '3.1.3',
62 silly addNameRange     '3.2.0',
62 silly addNameRange     '3.2.1',
62 silly addNameRange     '3.2.2',
62 silly addNameRange     '3.3.0',
62 silly addNameRange     '3.4.0',
62 silly addNameRange     '3.4.1',
62 silly addNameRange     '3.5.0',
62 silly addNameRange     '3.6.0',
62 silly addNameRange     '3.7.0',
62 silly addNameRange     '3.8.0',
62 silly addNameRange     '3.8.1',
62 silly addNameRange     '3.9.0',
62 silly addNameRange     '3.9.1',
62 silly addNameRange     '3.10.0',
62 silly addNameRange     '3.11.0',
62 silly addNameRange     '3.11.1',
62 silly addNameRange     '3.12.0',
62 silly addNameRange     '3.13.0',
62 silly addNameRange     '3.14.0',
62 silly addNameRange     '3.14.1',
62 silly addNameRange     '3.16.0',
62 silly addNameRange     '3.16.1',
62 silly addNameRange     '3.17.0',
62 silly addNameRange     '3.18.0',
62 silly addNameRange     '3.19.0',
62 silly addNameRange     '3.19.1',
62 silly addNameRange     '3.20.0',
62 silly addNameRange     '3.20.1',
62 silly addNameRange     '3.20.2',
62 silly addNameRange     '3.21.0',
62 silly addNameRange     '3.21.1',
62 silly addNameRange     '3.22.0',
62 silly addNameRange     '3.22.1',
62 silly addNameRange     '3.23.0',
62 silly addNameRange     '3.23.1',
62 silly addNameRange     '3.24.0',
62 silly addNameRange     '3.24.1',
62 silly addNameRange     '3.24.2',
62 silly addNameRange     '3.24.3',
62 silly addNameRange     '3.24.4',
62 silly addNameRange     '3.24.5',
62 silly addNameRange     '3.24.6',
62 silly addNameRange     '3.24.7',
62 silly addNameRange     '3.24.8',
62 silly addNameRange     '3.24.9',
62 silly addNameRange     '3.24.10',
62 silly addNameRange     '3.24.11',
62 silly addNameRange     '3.24.13',
62 silly addNameRange     '3.25.0',
62 silly addNameRange     '3.25.1',
62 silly addNameRange     '3.25.2',
62 silly addNameRange     '3.26.0',
62 silly addNameRange     '3.27.0',
62 silly addNameRange     '3.27.1',
62 silly addNameRange     '3.28.0',
62 silly addNameRange     '3.28.1',
62 silly addNameRange     '3.28.2',
62 silly addNameRange     '3.29.0',
62 silly addNameRange     '3.29.1',
62 silly addNameRange     '3.30.0',
62 silly addNameRange     '3.30.1',
62 silly addNameRange     '3.30.2',
62 silly addNameRange     '3.30.3',
62 silly addNameRange     '3.30.4',
62 silly addNameRange     '3.31.0',
62 silly addNameRange     '3.31.1',
62 silly addNameRange     '3.31.2',
62 silly addNameRange     '3.32.0',
62 silly addNameRange     '3.32.1',
62 silly addNameRange     '3.33.0',
62 silly addNameRange     '3.33.1',
62 silly addNameRange     '3.34.0',
62 silly addNameRange     '3.35.0',
62 silly addNameRange     '3.36.0',
62 silly addNameRange     '3.36.1',
62 silly addNameRange     '3.37.0',
62 silly addNameRange     '3.37.1',
62 silly addNameRange     '3.37.2',
62 silly addNameRange     '3.38.0',
62 silly addNameRange     '3.38.1',
62 silly addNameRange     '3.39.0',
62 silly addNameRange     '3.40.0',
62 silly addNameRange     '3.40.1',
62 silly addNameRange     '3.40.2',
62 silly addNameRange     '3.40.3',
62 silly addNameRange     '3.40.4',
62 silly addNameRange     '3.41.0',
62 silly addNameRange     '3.42.0',
62 silly addNameRange     '3.43.0',
62 silly addNameRange     '3.44.0',
62 silly addNameRange     '3.44.1',
62 silly addNameRange     '3.44.2',
62 silly addNameRange     '3.45.0',
62 silly addNameRange     '3.46.0',
62 silly addNameRange     '3.46.1',
62 silly addNameRange     '4.0.0',
62 silly addNameRange     '4.1.0',
62 silly addNameRange     '4.1.1',
62 silly addNameRange     '4.1.2',
62 silly addNameRange     '4.1.3',
62 silly addNameRange     '4.1.4',
62 silly addNameRange     '4.1.5',
62 silly addNameRange     '4.1.6',
62 silly addNameRange     '4.1.7',
62 silly addNameRange     '4.1.8',
62 silly addNameRange     '4.1.9',
62 silly addNameRange     '4.1.10',
62 silly addNameRange     '4.1.11',
62 silly addNameRange     '4.2.0',
62 silly addNameRange     '4.2.1',
62 silly addNameRange     '4.2.2',
62 silly addNameRange     '4.2.3',
62 silly addNameRange     '5.0.0',
62 silly addNameRange     '5.0.1',
62 silly addNameRange     '5.0.2',
62 silly addNameRange     '5.0.3',
62 silly addNameRange     '5.0.4',
62 silly addNameRange     '5.0.5',
62 silly addNameRange     '5.0.6',
62 silly addNameRange     '5.0.7',
62 silly addNameRange     '5.0.8',
62 silly addNameRange     '5.1.0',
62 silly addNameRange     '5.1.1',
62 silly addNameRange     '5.2.0',
62 silly addNameRange     '5.2.1',
62 silly addNameRange     '5.3.0',
62 silly addNameRange     '5.4.0',
62 silly addNameRange     '5.4.1',
62 silly addNameRange     '5.4.2',
62 silly addNameRange     '5.5.0',
62 silly addNameRange     '5.6.0',
62 silly addNameRange     '5.6.1',
62 silly addNameRange     '5.7.0',
62 silly addNameRange     '5.8.0',
62 silly addNameRange     '5.9.0',
62 silly addNameRange     '5.9.1',
62 silly addNameRange     '5.9.2',
62 silly addNameRange     '5.9.3',
62 silly addNameRange     '5.10.0',
62 silly addNameRange     '5.10.1',
62 silly addNameRange     '5.11.0',
62 silly addNameRange     '5.11.1',
62 silly addNameRange     '5.11.2',
62 silly addNameRange     '5.12.0',
62 silly addNameRange     '5.12.1',
62 silly addNameRange     '5.12.2',
62 silly addNameRange     '5.13.0',
62 silly addNameRange     '5.13.1',
62 silly addNameRange     '6.0.0',
62 silly addNameRange     '6.0.1',
62 silly addNameRange     '6.0.2',
62 silly addNameRange     '6.0.3',
62 silly addNameRange     '6.1.0',
62 silly addNameRange     '6.1.1',
62 silly addNameRange     '6.1.2',
62 silly addNameRange     '6.2.0',
62 silly addNameRange     '6.3.0',
62 silly addNameRange     '6.3.1',
62 silly addNameRange     '6.3.2',
62 silly addNameRange     '6.3.3',
62 silly addNameRange     '6.3.4',
62 silly addNameRange     '7.0.0',
62 silly addNameRange     '7.0.1',
62 silly addNameRange     '7.0.2',
62 silly addNameRange     '7.0.3',
62 silly addNameRange     '7.1.0',
62 silly addNameRange     '8.0.0',
62 silly addNameRange     '8.0.1',
62 silly addNameRange     '8.0.2',
62 silly addNameRange     '8.0.3',
62 silly addNameRange     '8.1.0',
62 silly addNameRange     '8.1.1',
62 silly addNameRange     '8.1.2',
62 silly addNameRange     '8.1.3',
62 silly addNameRange     '9.0.0',
62 silly addNameRange     '9.0.1',
62 silly addNameRange     '9.0.2',
62 silly addNameRange     '9.0.3',
62 silly addNameRange     '9.0.4',
62 silly addNameRange     '9.0.5',
62 silly addNameRange     '9.0.6',
62 silly addNameRange     '9.0.7',
62 silly addNameRange     '9.0.8',
62 silly addNameRange     '10.0.0',
62 silly addNameRange     '10.1.0',
62 silly addNameRange     '10.1.1',
62 silly addNameRange     '10.1.2',
62 silly addNameRange     '10.1.3',
62 silly addNameRange     '10.2.0',
62 silly addNameRange     '10.2.1',
62 silly addNameRange     '10.2.3',
62 silly addNameRange     '10.2.4',
62 silly addNameRange     '10.2.5',
62 silly addNameRange     '10.2.6',
62 silly addNameRange     '11.0.0',
62 silly addNameRange     '11.0.1',
62 silly addNameRange     '11.1.0',
62 silly addNameRange     '11.2.0',
62 silly addNameRange     '12.0.0',
62 silly addNameRange     '12.0.1' ] ]
63 verbose addNamed [ 'browserify', '12.0.1' ]
64 verbose addNamed [ '12.0.1', '12.0.1' ]
65 silly lockFile 8ed522c4-browserify-12-0-1 browserify@12.0.1
66 verbose lock browserify@12.0.1 /var/www/html_rsatsangi/.npm/8ed522c4-browserify-12-0-1.lock
67 info retry fetch attempt 1 at 15:07:45
68 verbose fetch to= /tmp/npm-26297-MwZ1YAtQ/registry.npmjs.org/jquery/-/jquery-2.1.4.tgz
69 http GET https://registry.npmjs.org/jquery/-/jquery-2.1.4.tgz
70 http 200 https://registry.npmjs.org/jquery/-/jquery-2.1.4.tgz
71 silly lockFile a5bb3c5a-browserify-browserify-12-0-1-tgz https://registry.npmjs.org/browserify/-/browserify-12.0.1.tgz
72 verbose lock https://registry.npmjs.org/browserify/-/browserify-12.0.1.tgz /var/www/html_rsatsangi/.npm/a5bb3c5a-browserify-browserify-12-0-1-tgz.lock
73 verbose addRemoteTarball [ 'https://registry.npmjs.org/browserify/-/browserify-12.0.1.tgz',
73 verbose addRemoteTarball   '2e0bd015384ed07feaac5b6466bd582c5085ec3e' ]
74 info retry fetch attempt 1 at 15:07:45
75 verbose fetch to= /tmp/npm-26297-MwZ1YAtQ/registry.npmjs.org/browserify/-/browserify-12.0.1.tgz
76 http GET https://registry.npmjs.org/browserify/-/browserify-12.0.1.tgz
77 http 200 https://registry.npmjs.org/browserify/-/browserify-12.0.1.tgz
78 silly lockFile f1112f77-pmjs-org-jquery-jquery-2-1-4-tgz https://registry.npmjs.org/jquery/-/jquery-2.1.4.tgz
79 silly lockFile f1112f77-pmjs-org-jquery-jquery-2-1-4-tgz https://registry.npmjs.org/jquery/-/jquery-2.1.4.tgz
80 silly lockFile f774660c-jquery-2-1-4 jquery@2.1.4
81 silly lockFile f774660c-jquery-2-1-4 jquery@2.1.4
82 silly lockFile 6f5fcb58-jquery-2-1-4 jquery@^2.1.4
83 silly lockFile 6f5fcb58-jquery-2-1-4 jquery@^2.1.4
84 silly lockFile a5bb3c5a-browserify-browserify-12-0-1-tgz https://registry.npmjs.org/browserify/-/browserify-12.0.1.tgz
85 silly lockFile a5bb3c5a-browserify-browserify-12-0-1-tgz https://registry.npmjs.org/browserify/-/browserify-12.0.1.tgz
86 silly lockFile 8ed522c4-browserify-12-0-1 browserify@12.0.1
87 silly lockFile 8ed522c4-browserify-12-0-1 browserify@12.0.1
88 silly lockFile 3a00d1ef-browserify-12 browserify@12.*
89 silly lockFile 3a00d1ef-browserify-12 browserify@12.*
90 error Error: EACCES, mkdir '/var/www/html_rsatsangi/.npm/jquery/2.1.4'
90 error  { [Error: EACCES, mkdir '/var/www/html_rsatsangi/.npm/jquery/2.1.4']
90 error   errno: 3,
90 error   code: 'EACCES',
90 error   path: '/var/www/html_rsatsangi/.npm/jquery/2.1.4' }
91 error Please try running this command again as root/Administrator.
92 error System Linux 2.6.18-402.el5
93 error command "/usr/bin/node" "/usr/bin/npm" "install"
94 error cwd /var/www/html_rsatsangi/hackathon-nov-2015
95 error node -v v0.10.38
96 error npm -v 1.4.28
97 error path /var/www/html_rsatsangi/.npm/jquery/2.1.4
98 error code EACCES
99 error errno 3
100 error stack Error: EACCES, mkdir '/var/www/html_rsatsangi/.npm/jquery/2.1.4'
101 verbose exit [ 3, true ]
